<?xml version="1.0" encoding="UTF-8"?>
<testsuite name="it.unife.ticketstadio.repository.RepositoryTest" tests="7" skipped="0" failures="0" errors="0" timestamp="2026-06-23T09:17:32" hostname="PC-DI-GEK" time="0.296">
  <properties/>
  <testcase name="findByEmail trovato" classname="it.unife.ticketstadio.repository.RepositoryTest" time="0.14"/>
  <testcase name="existsByEmail true" classname="it.unife.ticketstadio.repository.RepositoryTest" time="0.019"/>
  <testcase name="findByCodice trovato" classname="it.unife.ticketstadio.repository.RepositoryTest" time="0.028"/>
  <testcase name="findByEmail non trovato" classname="it.unife.ticketstadio.repository.RepositoryTest" time="0.018"/>
  <testcase name="posto libero → false" classname="it.unife.ticketstadio.repository.RepositoryTest" time="0.023"/>
  <testcase name="findPostiOccupati → solo posti acquistati" classname="it.unife.ticketstadio.repository.RepositoryTest" time="0.04"/>
  <testcase name="posto dopo acquisto → true" classname="it.unife.ticketstadio.repository.RepositoryTest" time="0.019"/>
  <system-out><![CDATA[
  .   ____          _            __ _ _
 /\\ / ___'_ __ _ _(_)_ __  __ _ \ \ \ \
( ( )\___ | '_ | '_| | '_ \/ _` | \ \ \ \
 \\/  ___)| |_)| | | | | || (_| |  ) ) ) )
  '  |____| .__|_| |_|_| |_\__, | / / / /
 =========|_|==============|___/=/_/_/_/
 :: Spring Boot ::                (v3.2.5)

2026-06-23T11:17:31.677+02:00  INFO 26108 --- [    Test worker] i.u.t.repository.RepositoryTest          : Starting RepositoryTest using Java 17.0.10 with PID 26108 (started by gekpa in C:\Users\gekpa\OneDrive\Desktop\TicketStadio\TicketStadio\backend)
2026-06-23T11:17:31.678+02:00 DEBUG 26108 --- [    Test worker] i.u.t.repository.RepositoryTest          : Running with Spring Boot v3.2.5, Spring v6.1.6
2026-06-23T11:17:31.678+02:00  INFO 26108 --- [    Test worker] i.u.t.repository.RepositoryTest          : The following 1 profile is active: "test"
2026-06-23T11:17:31.898+02:00  WARN 26108 --- [    Test worker] org.hibernate.orm.deprecation            : HHH90000025: H2Dialect does not need to be specified explicitly using 'hibernate.dialect' (remove the property setting and it will be selected by default)
Hibernate: 
    drop table if exists abbonamento cascade 
Hibernate: 
    drop table if exists biglietto cascade 
Hibernate: 
    drop table if exists pagamento cascade 
Hibernate: 
    drop table if exists partita cascade 
Hibernate: 
    drop table if exists posto cascade 
Hibernate: 
    drop table if exists promozione cascade 
Hibernate: 
    drop table if exists settore cascade 
Hibernate: 
    drop table if exists squadra cascade 
Hibernate: 
    drop table if exists stadio cascade 
Hibernate: 
    drop table if exists utente cascade 
Hibernate: 
    create table abbonamento (
        data_fine date not null,
        data_inizio date not null,
        prezzo numeric(8,2) not null,
        id bigint generated by default as identity,
        settore_id bigint not null,
        utente_id bigint not null,
        stagione varchar(9) not null,
        primary key (id),
        unique (utente_id, settore_id, stagione)
    )
Hibernate: 
    create table biglietto (
        prezzo_pagato numeric(8,2) not null,
        data_acquisto timestamp(6) not null,
        id bigint generated by default as identity,
        partita_id bigint not null,
        posto_id bigint not null,
        utente_id bigint not null,
        stato varchar(255) not null check (stato in ('VALIDO','USATO','ANNULLATO')),
        primary key (id),
        unique (partita_id, posto_id)
    )
Hibernate: 
    create table pagamento (
        importo numeric(8,2) not null,
        biglietto_id bigint not null unique,
        data timestamp(6) not null,
        id bigint generated by default as identity,
        metodo varchar(255) not null check (metodo in ('CARTA','PAYPAL','BONIFICO')),
        stato varchar(255) not null check (stato in ('COMPLETATO','FALLITO','RIMBORSATO')),
        primary key (id)
    )
Hibernate: 
    create table partita (
        data_ora timestamp(6) not null,
        id bigint generated by default as identity,
        squadra_casa_id bigint not null,
        squadra_ospite_id bigint not null,
        stadio_id bigint not null,
        stato varchar(255) not null check (stato in ('PROGRAMMATA','IN_CORSO','CONCLUSA','ANNULLATA')),
        primary key (id)
    )
Hibernate: 
    create table posto (
        fila varchar(2) not null,
        numero integer not null,
        id bigint generated by default as identity,
        settore_id bigint not null,
        primary key (id),
        unique (settore_id, fila, numero)
    )
Hibernate: 
    create table promozione (
        data_fine date not null,
        data_inizio date not null,
        sconto_percentuale numeric(5,2) not null,
        id bigint generated by default as identity,
        partita_id bigint,
        codice varchar(20) not null unique,
        descrizione varchar(255),
        primary key (id)
    )
Hibernate: 
    create table settore (
        capienza integer not null,
        prezzo_base numeric(38,2) not null,
        id bigint generated by default as identity,
        stadio_id bigint not null,
        nome varchar(255) not null,
        primary key (id),
        unique (stadio_id, nome)
    )
Hibernate: 
    create table squadra (
        home_stadium_id bigint,
        id bigint generated by default as identity,
        citta varchar(255) not null,
        logo_url varchar(255),
        nome varchar(255) not null unique,
        primary key (id)
    )
Hibernate: 
    create table stadio (
        capienza_totale integer not null,
        id bigint generated by default as identity,
        citta varchar(255) not null,
        nome varchar(255) not null unique,
        primary key (id)
    )
Hibernate: 
    create table utente (
        data_registrazione date not null,
        id bigint generated by default as identity,
        cognome varchar(255) not null,
        email varchar(255) not null unique,
        nome varchar(255) not null,
        password_hash varchar(255) not null,
        ruolo varchar(255) not null check (ruolo in ('TIFOSO','ADMIN')),
        primary key (id)
    )
Hibernate: 
    alter table if exists abbonamento 
       add constraint FKf9wtla1ih458co7haj539s43k 
       foreign key (settore_id) 
       references settore
Hibernate: 
    alter table if exists abbonamento 
       add constraint FK6xyo0bi35oy4bgx272dqje3ti 
       foreign key (utente_id) 
       references utente
Hibernate: 
    alter table if exists biglietto 
       add constraint FKd1ihnysfubwcauwse2gwvsbgv 
       foreign key (partita_id) 
       references partita
Hibernate: 
    alter table if exists biglietto 
       add constraint FKtf2ka68cjav2v8w2su0b2hxiw 
       foreign key (posto_id) 
       references posto
Hibernate: 
    alter table if exists biglietto 
       add constraint FK33t56je40vpfflkuawxeemmkg 
       foreign key (utente_id) 
       references utente
Hibernate: 
    alter table if exists pagamento 
       add constraint FK42lo4papx6rh6d0gj6n5172jo 
       foreign key (biglietto_id) 
       references biglietto
Hibernate: 
    alter table if exists partita 
       add constraint FKw3ua2bbsterxyaaka3u7cmvc 
       foreign key (squadra_casa_id) 
       references squadra
Hibernate: 
    alter table if exists partita 
       add constraint FKcob40lfc1h7uodcsm7g523ckp 
       foreign key (squadra_ospite_id) 
       references squadra
Hibernate: 
    alter table if exists partita 
       add constraint FKmc835tcu7r0o84g860ofjcayd 
       foreign key (stadio_id) 
       references stadio
Hibernate: 
    alter table if exists posto 
       add constraint FKrix5jf1isxfstdurokckbhh5f 
       foreign key (settore_id) 
       references settore
Hibernate: 
    alter table if exists promozione 
       add constraint FKl0qcqivu9ubs7hwiiv986ojhp 
       foreign key (partita_id) 
       references partita
Hibernate: 
    alter table if exists settore 
       add constraint FKnmccb981w6f7v3xs7rivhxyo5 
       foreign key (stadio_id) 
       references stadio
Hibernate: 
    alter table if exists squadra 
       add constraint FKo14sexv494ggyrs4e1fl0hu4y 
       foreign key (home_stadium_id) 
       references stadio
2026-06-23T11:17:32.278+02:00  INFO 26108 --- [    Test worker] i.u.t.repository.RepositoryTest          : Started RepositoryTest in 0.638 seconds (process running for 11.909)
Hibernate: 
    insert 
    into
        stadio
        (capienza_totale, citta, nome, id) 
    values
        (?, ?, ?, default)
Hibernate: 
    insert 
    into
        settore
        (capienza, nome, prezzo_base, stadio_id, id) 
    values
        (?, ?, ?, ?, default)
Hibernate: 
    insert 
    into
        posto
        (fila, numero, settore_id, id) 
    values
        (?, ?, ?, default)
Hibernate: 
    insert 
    into
        posto
        (fila, numero, settore_id, id) 
    values
        (?, ?, ?, default)
Hibernate: 
    insert 
    into
        squadra
        (citta, home_stadium_id, logo_url, nome, id) 
    values
        (?, ?, ?, ?, default)
Hibernate: 
    insert 
    into
        squadra
        (citta, home_stadium_id, logo_url, nome, id) 
    values
        (?, ?, ?, ?, default)
Hibernate: 
    insert 
    into
        partita
        (data_ora, squadra_casa_id, squadra_ospite_id, stadio_id, stato, id) 
    values
        (?, ?, ?, ?, ?, default)
Hibernate: 
    insert 
    into
        utente
        (cognome, data_registrazione, email, nome, password_hash, ruolo, id) 
    values
        (?, ?, ?, ?, ?, ?, default)
Hibernate: 
    select
        u1_0.id,
        u1_0.cognome,
        u1_0.data_registrazione,
        u1_0.email,
        u1_0.nome,
        u1_0.password_hash,
        u1_0.ruolo 
    from
        utente u1_0 
    where
        u1_0.email=?
Hibernate: 
    insert 
    into
        stadio
        (capienza_totale, citta, nome, id) 
    values
        (?, ?, ?, default)
Hibernate: 
    insert 
    into
        settore
        (capienza, nome, prezzo_base, stadio_id, id) 
    values
        (?, ?, ?, ?, default)
Hibernate: 
    insert 
    into
        posto
        (fila, numero, settore_id, id) 
    values
        (?, ?, ?, default)
Hibernate: 
    insert 
    into
        posto
        (fila, numero, settore_id, id) 
    values
        (?, ?, ?, default)
Hibernate: 
    insert 
    into
        squadra
        (citta, home_stadium_id, logo_url, nome, id) 
    values
        (?, ?, ?, ?, default)
Hibernate: 
    insert 
    into
        squadra
        (citta, home_stadium_id, logo_url, nome, id) 
    values
        (?, ?, ?, ?, default)
Hibernate: 
    insert 
    into
        partita
        (data_ora, squadra_casa_id, squadra_ospite_id, stadio_id, stato, id) 
    values
        (?, ?, ?, ?, ?, default)
Hibernate: 
    insert 
    into
        utente
        (cognome, data_registrazione, email, nome, password_hash, ruolo, id) 
    values
        (?, ?, ?, ?, ?, ?, default)
Hibernate: 
    select
        u1_0.id 
    from
        utente u1_0 
    where
        u1_0.email=? 
    fetch
        first ? rows only
Hibernate: 
    insert 
    into
        stadio
        (capienza_totale, citta, nome, id) 
    values
        (?, ?, ?, default)
Hibernate: 
    insert 
    into
        settore
        (capienza, nome, prezzo_base, stadio_id, id) 
    values
        (?, ?, ?, ?, default)
Hibernate: 
    insert 
    into
        posto
        (fila, numero, settore_id, id) 
    values
        (?, ?, ?, default)
Hibernate: 
    insert 
    into
        posto
        (fila, numero, settore_id, id) 
    values
        (?, ?, ?, default)
Hibernate: 
    insert 
    into
        squadra
        (citta, home_stadium_id, logo_url, nome, id) 
    values
        (?, ?, ?, ?, default)
Hibernate: 
    insert 
    into
        squadra
        (citta, home_stadium_id, logo_url, nome, id) 
    values
        (?, ?, ?, ?, default)
Hibernate: 
    insert 
    into
        partita
        (data_ora, squadra_casa_id, squadra_ospite_id, stadio_id, stato, id) 
    values
        (?, ?, ?, ?, ?, default)
Hibernate: 
    insert 
    into
        utente
        (cognome, data_registrazione, email, nome, password_hash, ruolo, id) 
    values
        (?, ?, ?, ?, ?, ?, default)
Hibernate: 
    insert 
    into
        promozione
        (codice, data_fine, data_inizio, descrizione, partita_id, sconto_percentuale, id) 
    values
        (?, ?, ?, ?, ?, ?, default)
Hibernate: 
    select
        p1_0.id,
        p1_0.codice,
        p1_0.data_fine,
        p1_0.data_inizio,
        p1_0.descrizione,
        p1_0.partita_id,
        p1_0.sconto_percentuale 
    from
        promozione p1_0 
    where
        p1_0.codice=?
Hibernate: 
    insert 
    into
        stadio
        (capienza_totale, citta, nome, id) 
    values
        (?, ?, ?, default)
Hibernate: 
    insert 
    into
        settore
        (capienza, nome, prezzo_base, stadio_id, id) 
    values
        (?, ?, ?, ?, default)
Hibernate: 
    insert 
    into
        posto
        (fila, numero, settore_id, id) 
    values
        (?, ?, ?, default)
Hibernate: 
    insert 
    into
        posto
        (fila, numero, settore_id, id) 
    values
        (?, ?, ?, default)
Hibernate: 
    insert 
    into
        squadra
        (citta, home_stadium_id, logo_url, nome, id) 
    values
        (?, ?, ?, ?, default)
Hibernate: 
    insert 
    into
        squadra
        (citta, home_stadium_id, logo_url, nome, id) 
    values
        (?, ?, ?, ?, default)
Hibernate: 
    insert 
    into
        partita
        (data_ora, squadra_casa_id, squadra_ospite_id, stadio_id, stato, id) 
    values
        (?, ?, ?, ?, ?, default)
Hibernate: 
    insert 
    into
        utente
        (cognome, data_registrazione, email, nome, password_hash, ruolo, id) 
    values
        (?, ?, ?, ?, ?, ?, default)
Hibernate: 
    select
        u1_0.id,
        u1_0.cognome,
        u1_0.data_registrazione,
        u1_0.email,
        u1_0.nome,
        u1_0.password_hash,
        u1_0.ruolo 
    from
        utente u1_0 
    where
        u1_0.email=?
Hibernate: 
    insert 
    into
        stadio
        (capienza_totale, citta, nome, id) 
    values
        (?, ?, ?, default)
Hibernate: 
    insert 
    into
        settore
        (capienza, nome, prezzo_base, stadio_id, id) 
    values
        (?, ?, ?, ?, default)
Hibernate: 
    insert 
    into
        posto
        (fila, numero, settore_id, id) 
    values
        (?, ?, ?, default)
Hibernate: 
    insert 
    into
        posto
        (fila, numero, settore_id, id) 
    values
        (?, ?, ?, default)
Hibernate: 
    insert 
    into
        squadra
        (citta, home_stadium_id, logo_url, nome, id) 
    values
        (?, ?, ?, ?, default)
Hibernate: 
    insert 
    into
        squadra
        (citta, home_stadium_id, logo_url, nome, id) 
    values
        (?, ?, ?, ?, default)
Hibernate: 
    insert 
    into
        partita
        (data_ora, squadra_casa_id, squadra_ospite_id, stadio_id, stato, id) 
    values
        (?, ?, ?, ?, ?, default)
Hibernate: 
    insert 
    into
        utente
        (cognome, data_registrazione, email, nome, password_hash, ruolo, id) 
    values
        (?, ?, ?, ?, ?, ?, default)
Hibernate: 
    select
        b1_0.id 
    from
        biglietto b1_0 
    where
        b1_0.partita_id=? 
        and b1_0.posto_id=? 
    fetch
        first ? rows only
Hibernate: 
    insert 
    into
        stadio
        (capienza_totale, citta, nome, id) 
    values
        (?, ?, ?, default)
Hibernate: 
    insert 
    into
        settore
        (capienza, nome, prezzo_base, stadio_id, id) 
    values
        (?, ?, ?, ?, default)
Hibernate: 
    insert 
    into
        posto
        (fila, numero, settore_id, id) 
    values
        (?, ?, ?, default)
Hibernate: 
    insert 
    into
        posto
        (fila, numero, settore_id, id) 
    values
        (?, ?, ?, default)
Hibernate: 
    insert 
    into
        squadra
        (citta, home_stadium_id, logo_url, nome, id) 
    values
        (?, ?, ?, ?, default)
Hibernate: 
    insert 
    into
        squadra
        (citta, home_stadium_id, logo_url, nome, id) 
    values
        (?, ?, ?, ?, default)
Hibernate: 
    insert 
    into
        partita
        (data_ora, squadra_casa_id, squadra_ospite_id, stadio_id, stato, id) 
    values
        (?, ?, ?, ?, ?, default)
Hibernate: 
    insert 
    into
        utente
        (cognome, data_registrazione, email, nome, password_hash, ruolo, id) 
    values
        (?, ?, ?, ?, ?, ?, default)
Hibernate: 
    insert 
    into
        biglietto
        (data_acquisto, partita_id, posto_id, prezzo_pagato, stato, utente_id, id) 
    values
        (?, ?, ?, ?, ?, ?, default)
Hibernate: 
    select
        b1_0.posto_id 
    from
        biglietto b1_0 
    where
        b1_0.partita_id=? 
        and b1_0.stato<>'ANNULLATO'
Hibernate: 
    insert 
    into
        stadio
        (capienza_totale, citta, nome, id) 
    values
        (?, ?, ?, default)
Hibernate: 
    insert 
    into
        settore
        (capienza, nome, prezzo_base, stadio_id, id) 
    values
        (?, ?, ?, ?, default)
Hibernate: 
    insert 
    into
        posto
        (fila, numero, settore_id, id) 
    values
        (?, ?, ?, default)
Hibernate: 
    insert 
    into
        posto
        (fila, numero, settore_id, id) 
    values
        (?, ?, ?, default)
Hibernate: 
    insert 
    into
        squadra
        (citta, home_stadium_id, logo_url, nome, id) 
    values
        (?, ?, ?, ?, default)
Hibernate: 
    insert 
    into
        squadra
        (citta, home_stadium_id, logo_url, nome, id) 
    values
        (?, ?, ?, ?, default)
Hibernate: 
    insert 
    into
        partita
        (data_ora, squadra_casa_id, squadra_ospite_id, stadio_id, stato, id) 
    values
        (?, ?, ?, ?, ?, default)
Hibernate: 
    insert 
    into
        utente
        (cognome, data_registrazione, email, nome, password_hash, ruolo, id) 
    values
        (?, ?, ?, ?, ?, ?, default)
Hibernate: 
    insert 
    into
        biglietto
        (data_acquisto, partita_id, posto_id, prezzo_pagato, stato, utente_id, id) 
    values
        (?, ?, ?, ?, ?, ?, default)
Hibernate: 
    select
        b1_0.id 
    from
        biglietto b1_0 
    where
        b1_0.partita_id=? 
        and b1_0.posto_id=? 
    fetch
        first ? rows only
]]></system-out>
  <system-err><![CDATA[]]></system-err>
</testsuite>
