<?xml version="1.0" encoding="UTF-8"?>
<testsuite name="it.unife.ticketstadio.controller.AuthControllerTest" tests="5" skipped="0" failures="0" errors="0" timestamp="2026-06-23T09:17:29" hostname="PC-DI-GEK" time="1.849">
  <properties/>
  <testcase name="POST /api/auth/register → 201 con dati validi" classname="it.unife.ticketstadio.controller.AuthControllerTest" time="1.317"/>
  <testcase name="POST /api/auth/register → 400 email duplicata" classname="it.unife.ticketstadio.controller.AuthControllerTest" time="0.109"/>
  <testcase name="POST /api/auth/register → 400 password corta" classname="it.unife.ticketstadio.controller.AuthControllerTest" time="0.03"/>
  <testcase name="POST /api/auth/login → 200 con JWT" classname="it.unife.ticketstadio.controller.AuthControllerTest" time="0.304"/>
  <testcase name="POST /api/auth/login → 401 password errata" classname="it.unife.ticketstadio.controller.AuthControllerTest" time="0.075"/>
  <system-out><![CDATA[11:17:21.703 [Test worker] INFO org.springframework.test.context.support.AnnotationConfigContextLoaderUtils -- Could not detect default configuration classes for test class [it.unife.ticketstadio.controller.AuthControllerTest]: AuthControllerTest does not declare any static, non-private, non-final, nested classes annotated with @Configuration.
11:17:21.898 [Test worker] INFO org.springframework.boot.test.context.SpringBootTestContextBootstrapper -- Found @SpringBootConfiguration it.unife.ticketstadio.TicketstadioApplication for test class it.unife.ticketstadio.controller.AuthControllerTest

  .   ____          _            __ _ _
 /\\ / ___'_ __ _ _(_)_ __  __ _ \ \ \ \
( ( )\___ | '_ | '_| | '_ \/ _` | \ \ \ \
 \\/  ___)| |_)| | | | | || (_| |  ) ) ) )
  '  |____| .__|_| |_|_| |_\__, | / / / /
 =========|_|==============|___/=/_/_/_/
 :: Spring Boot ::                (v3.2.5)

2026-06-23T11:17:22.473+02:00  INFO 26108 --- [    Test worker] i.u.t.controller.AuthControllerTest      : Starting AuthControllerTest using Java 17.0.10 with PID 26108 (started by gekpa in C:\Users\gekpa\OneDrive\Desktop\TicketStadio\TicketStadio\backend)
2026-06-23T11:17:22.475+02:00 DEBUG 26108 --- [    Test worker] i.u.t.controller.AuthControllerTest      : Running with Spring Boot v3.2.5, Spring v6.1.6
2026-06-23T11:17:22.476+02:00  INFO 26108 --- [    Test worker] i.u.t.controller.AuthControllerTest      : The following 1 profile is active: "test"
2026-06-23T11:17:25.476+02:00  WARN 26108 --- [    Test worker] org.hibernate.orm.deprecation            : HHH90000025: H2Dialect does not need to be specified explicitly using 'hibernate.dialect' (remove the property setting and it will be selected by default)
2026-06-23T11:17:29.675+02:00 DEBUG 26108 --- [    Test worker] i.unife.ticketstadio.security.JwtFilter  : Filter 'jwtFilter' configured for use
2026-06-23T11:17:29.715+02:00  INFO 26108 --- [    Test worker] i.u.t.controller.AuthControllerTest      : Started AuthControllerTest in 7.636 seconds (process running for 9.346)
]]></system-out>
  <system-err><![CDATA[]]></system-err>
</testsuite>
